<?xml version="1.0" encoding="UTF-8"?>
<testng-results ignored="0" total="1" passed="1" failed="0" skipped="0">
  <reporter-output>
  </reporter-output>
  <suite started-at="2024-07-19T18:06:58 IST" name="Suite" finished-at="2024-07-19T18:07:59 IST" duration-ms="61084">
    <groups>
    </groups>
    <test started-at="2024-07-19T18:06:58 IST" name="Test" finished-at="2024-07-19T18:07:59 IST" duration-ms="61084">
      <class name="TestCases.TC_LoginFunctionality_001">
        <test-method is-config="true" signature="openApplication(java.lang.String,java.lang.String)[pri:0, instance:TestCases.TC_LoginFunctionality_001@6d4d66d2]" started-at="2024-07-19T18:06:58 IST" name="openApplication" finished-at="2024-07-19T18:07:10 IST" duration-ms="12057" status="PASS">
          <params>
            <param index="0">
              <value>
                <![CDATA[edge]]>
              </value>
            </param>
            <param index="1">
              <value>
                <![CDATA[https://test.employeeprogram.in/]]>
              </value>
            </param>
          </params>
          <reporter-output>
          </reporter-output>
        </test-method> <!-- openApplication -->
        <test-method signature="LoginTest()[pri:0, instance:TestCases.TC_LoginFunctionality_001@6d4d66d2]" started-at="2024-07-19T18:07:10 IST" name="LoginTest" finished-at="2024-07-19T18:07:58 IST" duration-ms="48624" status="PASS">
          <reporter-output>
          </reporter-output>
        </test-method> <!-- LoginTest -->
        <test-method is-config="true" signature="CloseApplication()[pri:0, instance:TestCases.TC_LoginFunctionality_001@6d4d66d2]" started-at="2024-07-19T18:07:58 IST" name="CloseApplication" finished-at="2024-07-19T18:07:59 IST" duration-ms="340" status="PASS">
          <reporter-output>
          </reporter-output>
        </test-method> <!-- CloseApplication -->
      </class> <!-- TestCases.TC_LoginFunctionality_001 -->
    </test> <!-- Test -->
  </suite> <!-- Suite -->
</testng-results>
